Extended integration started at Mon Jul 21 04:00:17 PM UTC 2025
Skipping /workspaces/nextbase-ultimate/app/(auth) (not found)
Skipping /workspaces/nextbase-ultimate/app/settings (not found)
Skipping /workspaces/nextbase-ultimate/app/admin (not found)
Skipping /workspaces/nextbase-ultimate/app/billing (not found)
Skipping /workspaces/nextbase-ultimate/components/ui (not found)
Skipping /workspaces/nextbase-ultimate/components/layout (not found)
Skipping file /workspaces/nextbase-ultimate/lib/auth.ts (not found)
Skipping file /workspaces/nextbase-ultimate/lib/stripe.ts (not found)
Skipping file /workspaces/nextbase-ultimate/middleware.ts (not found)
Skipping file /workspaces/nextbase-ultimate/next.config.js (not found)
Skipping file /workspaces/nextbase-ultimate/tailwind.config.js (not found)
Skipping file /workspaces/nextbase-ultimate/.env.example (not found)
Skipping file /workspaces/nextbase-ultimate/prisma/schema.prisma (not found)
Skipping /workspaces/nextbase-ultimate/public (not found)
Skipping /workspaces/nextbase-component-kit/components (not found)
Skipping /workspaces/nextbase-component-kit/hooks (not found)
Skipping file /workspaces/nextbase-component-kit/lib/utils.ts (not found)
Skipping /workspaces/nextbase-teams-only-ultimate/app/teams (not found)
Skipping /workspaces/nextbase-teams-only-ultimate/app/roles (not found)
Skipping /workspaces/nextbase-landing-kit/app (not found)
Skipping /workspaces/nextbase-landing-kit/public (not found)
Skipping /workspaces/nextbase-ai-starter/app/ai (not found)
Skipping /workspaces/nextbase-ai-starter/lib/ai (not found)
Skipping file /workspaces/nextbase-ai-starter/lib/aiClient.ts (not found)
Extended integration completed at Mon Jul 21 04:00:17 PM UTC 2025
